
Showing logs for build [32mcb-kubecd-environment-pr-184-38-wvthn-1[0m stage [32mfrom-build-pack[0m and container [32mstep-credential-initializer-2dfrb[0m
{"level":"warn","ts":1584538814.9129062,"logger":"fallback-logger","caller":"logging/config.go:69","msg":"Fetch GitHub commit ID from kodata failed: \"ref: refs/heads/0.8.0-**-support-backwards-incompats\" is not a valid GitHub commit ID"}
{"level":"info","ts":1584538814.9144456,"logger":"fallback-logger","caller":"creds-init/main.go:40","msg":"Credentials initialized."}

Showing logs for build [32mcb-kubecd-environment-pr-184-38-wvthn-1[0m stage [32mfrom-build-pack[0m and container [32mstep-working-dir-initializer-thkb9[0m
{"level":"warn","ts":1584538815.7213686,"logger":"fallback-logger","caller":"logging/config.go:69","msg":"Fetch GitHub commit ID from kodata failed: open /var/run/ko/HEAD: no such file or directory"}
{"level":"info","ts":1584538815.728873,"logger":"fallback-logger","caller":"bash/main.go:64","msg":"Successfully executed command \"sh -c mkdir -p /workspace/source\"; output "}

Showing logs for build [32mcb-kubecd-environment-pr-184-38-wvthn-1[0m stage [32mfrom-build-pack[0m and container [32mstep-place-tools[0m

Showing logs for build [32mcb-kubecd-environment-pr-184-38-wvthn-1[0m stage [32mfrom-build-pack[0m and container [32mstep-git-source-cb-kubecd-environment-pr-184-38-wvthn-nndpc[0m
{"level":"warn","ts":1584538822.1096077,"logger":"fallback-logger","caller":"logging/config.go:69","msg":"Fetch GitHub commit ID from kodata failed: \"ref: refs/heads/0.8.0-**-support-backwards-incompats\" is not a valid GitHub commit ID"}
{"level":"info","ts":1584538823.2024214,"logger":"fallback-logger","caller":"git/git.go:103","msg":"Successfully cloned https://github.com/cb-kubecd/environment-pr-184-38-boot-gke-staging.git @ master in path /workspace/source"}

Showing logs for build [32mcb-kubecd-environment-pr-184-38-wvthn-1[0m stage [32mfrom-build-pack[0m and container [32mstep-git-merge[0m
Using SHAs from PULL_REFS=master:c7dce06071c05cc8e9160c2acd6cc5ab9a776cfe,6:fbbdd815e20aa26001f9b7b34304d7d7b5f4932f
DEBUG: LC_ALL=C JX_LOG_LEVEL=error git fetch origin --unshallow fbbdd815e20aa26001f9b7b34304d7d7b5f4932f: c7dce06071c05cc8e9160c2acd6cc5ab9a776cfe:
DEBUG: ran git fetch --unshallow origin fbbdd815e20aa26001f9b7b34304d7d7b5f4932f: c7dce06071c05cc8e9160c2acd6cc5ab9a776cfe: in 
DEBUG: LC_ALL=C JX_LOG_LEVEL=error git branch
DEBUG: JX_LOG_LEVEL=error LC_ALL=C git checkout master
DEBUG: ran git checkout master in 
DEBUG: LC_ALL=C JX_LOG_LEVEL=error git reset --hard c7dce06071c05cc8e9160c2acd6cc5ab9a776cfe
DEBUG: ran git reset --hard c7dce06071c05cc8e9160c2acd6cc5ab9a776cfe in 
DEBUG: LC_ALL=C JX_LOG_LEVEL=error git clean -fd .
DEBUG: ran clean --force -d . in 
DEBUG: LC_ALL=C JX_LOG_LEVEL=error git merge fbbdd815e20aa26001f9b7b34304d7d7b5f4932f
DEBUG: ran git merge fbbdd815e20aa26001f9b7b34304d7d7b5f4932f in 
DEBUG: JX_LOG_LEVEL=error LC_ALL=C git log --format=%H%x1f%an%x1f%ae%x1f%cn%x1f%ce%x1f%s%n%b%x1e c7dce06071c05cc8e9160c2acd6cc5ab9a776cfe..HEAD
Merged SHA fbbdd815e20aa26001f9b7b34304d7d7b5f4932f with commit message 'chore: Promote bdd-nh-import-1584538203 to version 0.0.1' into base branch master

Showing logs for build [32mcb-kubecd-environment-pr-184-38-wvthn-1[0m stage [32mfrom-build-pack[0m and container [32mstep-build-helm-build[0m
WARNING: No $CHART_REPOSITORY defined so using the default value of: http://jenkins-x-chartmuseum:8080
Adding missing Helm repo: storage.googleapis.com https://storage.googleapis.com/chartmuseum.jenkins-x.io
WARNING: No secrets found on "helm/repos" due: reading the secret "helm/repos" from vault: no secret "helm/repos" not found in vault
Read credentials for https://storage.googleapis.com/chartmuseum.jenkins-x.io from vault helm/repos
Successfully added Helm repository storage.googleapis.com.
Adding missing Helm repo: jenkins-x-chartmuseum http://jenkins-x-chartmuseum:8080
WARNING: No secrets found on "helm/repos" due: reading the secret "helm/repos" from vault: no secret "helm/repos" not found in vault
Read credentials for http://jenkins-x-chartmuseum:8080 from vault helm/repos
Successfully added Helm repository jenkins-x-chartmuseum.
WARNING: No $CHART_REPOSITORY defined so using the default value of: http://jenkins-x-chartmuseum:8080
Adding missing Helm repo: chartmuseum.jenkins-x.io http://chartmuseum.jenkins-x.io
WARNING: No secrets found on "helm/repos" due: reading the secret "helm/repos" from vault: no secret "helm/repos" not found in vault
Read credentials for http://chartmuseum.jenkins-x.io from vault helm/repos
Successfully added Helm repository chartmuseum.jenkins-x.io.
