
Showing logs for build [32mcb-kubecd-environment-pr-184-38-wj5hd-1[0m stage [32mfrom-build-pack[0m and container [32mstep-credential-initializer-x8zrd[0m
{"level":"warn","ts":1584538419.1421077,"logger":"fallback-logger","caller":"logging/config.go:69","msg":"Fetch GitHub commit ID from kodata failed: \"ref: refs/heads/0.8.0-**-support-backwards-incompats\" is not a valid GitHub commit ID"}
{"level":"info","ts":1584538419.1428134,"logger":"fallback-logger","caller":"creds-init/main.go:40","msg":"Credentials initialized."}

Showing logs for build [32mcb-kubecd-environment-pr-184-38-wj5hd-1[0m stage [32mfrom-build-pack[0m and container [32mstep-working-dir-initializer-dlhpq[0m
{"level":"warn","ts":1584538420.152181,"logger":"fallback-logger","caller":"logging/config.go:69","msg":"Fetch GitHub commit ID from kodata failed: open /var/run/ko/HEAD: no such file or directory"}
{"level":"info","ts":1584538420.1537945,"logger":"fallback-logger","caller":"bash/main.go:64","msg":"Successfully executed command \"sh -c mkdir -p /workspace/source\"; output "}

Showing logs for build [32mcb-kubecd-environment-pr-184-38-wj5hd-1[0m stage [32mfrom-build-pack[0m and container [32mstep-place-tools[0m

Showing logs for build [32mcb-kubecd-environment-pr-184-38-wj5hd-1[0m stage [32mfrom-build-pack[0m and container [32mstep-git-source-cb-kubecd-environment-pr-184-38-wj5hd-cln6k[0m
{"level":"warn","ts":1584538425.3334265,"logger":"fallback-logger","caller":"logging/config.go:69","msg":"Fetch GitHub commit ID from kodata failed: \"ref: refs/heads/0.8.0-**-support-backwards-incompats\" is not a valid GitHub commit ID"}
{"level":"info","ts":1584538426.4041302,"logger":"fallback-logger","caller":"git/git.go:103","msg":"Successfully cloned https://github.com/cb-kubecd/environment-pr-184-38-boot-gke-staging.git @ master in path /workspace/source"}

Showing logs for build [32mcb-kubecd-environment-pr-184-38-wj5hd-1[0m stage [32mfrom-build-pack[0m and container [32mstep-git-merge[0m
Using SHAs from PULL_REFS=master:aba6eb515cf9898931321179c70116fe7ac3e10c,5:7e17dd555b056a6cdcb9a3eae1137e61cc9eb6a3
DEBUG: JX_LOG_LEVEL=error LC_ALL=C git fetch origin --unshallow 7e17dd555b056a6cdcb9a3eae1137e61cc9eb6a3: aba6eb515cf9898931321179c70116fe7ac3e10c:
DEBUG: ran git fetch --unshallow origin 7e17dd555b056a6cdcb9a3eae1137e61cc9eb6a3: aba6eb515cf9898931321179c70116fe7ac3e10c: in 
DEBUG: JX_LOG_LEVEL=error LC_ALL=C git branch
DEBUG: LC_ALL=C JX_LOG_LEVEL=error git checkout master
DEBUG: ran git checkout master in 
DEBUG: LC_ALL=C JX_LOG_LEVEL=error git reset --hard aba6eb515cf9898931321179c70116fe7ac3e10c
DEBUG: ran git reset --hard aba6eb515cf9898931321179c70116fe7ac3e10c in 
DEBUG: LC_ALL=C JX_LOG_LEVEL=error git clean -fd .
DEBUG: ran clean --force -d . in 
DEBUG: LC_ALL=C JX_LOG_LEVEL=error git merge 7e17dd555b056a6cdcb9a3eae1137e61cc9eb6a3
DEBUG: ran git merge 7e17dd555b056a6cdcb9a3eae1137e61cc9eb6a3 in 
DEBUG: LC_ALL=C JX_LOG_LEVEL=error git log --format=%H%x1f%an%x1f%ae%x1f%cn%x1f%ce%x1f%s%n%b%x1e aba6eb515cf9898931321179c70116fe7ac3e10c..HEAD
Merged SHA 7e17dd555b056a6cdcb9a3eae1137e61cc9eb6a3 with commit message 'chore: Promote bdd-sbhg-import-1584538203 to version 0.0.1' into base branch master

Showing logs for build [32mcb-kubecd-environment-pr-184-38-wj5hd-1[0m stage [32mfrom-build-pack[0m and container [32mstep-build-helm-build[0m
WARNING: No $CHART_REPOSITORY defined so using the default value of: http://jenkins-x-chartmuseum:8080
Adding missing Helm repo: storage.googleapis.com https://storage.googleapis.com/chartmuseum.jenkins-x.io
WARNING: No secrets found on "helm/repos" due: reading the secret "helm/repos" from vault: no secret "helm/repos" not found in vault
Read credentials for https://storage.googleapis.com/chartmuseum.jenkins-x.io from vault helm/repos
Successfully added Helm repository storage.googleapis.com.
Adding missing Helm repo: jenkins-x-chartmuseum http://jenkins-x-chartmuseum:8080
WARNING: No secrets found on "helm/repos" due: reading the secret "helm/repos" from vault: no secret "helm/repos" not found in vault
Read credentials for http://jenkins-x-chartmuseum:8080 from vault helm/repos
Successfully added Helm repository jenkins-x-chartmuseum.
WARNING: No $CHART_REPOSITORY defined so using the default value of: http://jenkins-x-chartmuseum:8080
Adding missing Helm repo: chartmuseum.jenkins-x.io http://chartmuseum.jenkins-x.io
WARNING: No secrets found on "helm/repos" due: reading the secret "helm/repos" from vault: no secret "helm/repos" not found in vault
Read credentials for http://chartmuseum.jenkins-x.io from vault helm/repos
Successfully added Helm repository chartmuseum.jenkins-x.io.
